<?xml version="1.0" encoding="UTF-8"?>
<testsuite name="environment.TestCell" tests="3" skipped="0" failures="0" errors="0" timestamp="2024-09-30T13:59:55" hostname="LDonovan" time="0.009">
  <properties/>
  <testcase name="testSetLifeForm" classname="environment.TestCell" time="0.004"/>
  <testcase name="testRemoveLifeForm" classname="environment.TestCell" time="0.001"/>
  <testcase name="testInitialization" classname="environment.TestCell" time="0.001"/>
  <system-out><![CDATA[]]></system-out>
  <system-err><![CDATA[]]></system-err>
</testsuite>
