<?xml version="1.0" encoding="UTF-8"?>
<testsuite name="lifeform.TestHuman" tests="3" skipped="0" failures="0" errors="0" timestamp="2024-10-01T23:57:29" hostname="DESKTOP-RSEC365" time="0.001">
  <properties/>
  <testcase name="testAttackWithArmor" classname="lifeform.TestHuman" time="0.001"/>
  <testcase name="testAttackNoArmor" classname="lifeform.TestHuman" time="0.0"/>
  <testcase name="testInitialization" classname="lifeform.TestHuman" time="0.0"/>
  <system-out><![CDATA[]]></system-out>
  <system-err><![CDATA[]]></system-err>
</testsuite>
