<?xml version="1.0" encoding="UTF-8"?>
<testsuite name="environment.TestEnvironment" tests="3" skipped="0" failures="0" errors="0" timestamp="2024-09-30T13:59:55" hostname="LDonovan" time="0.006">
  <properties/>
  <testcase name="testRemoveLifeForm" classname="environment.TestEnvironment" time="0.001"/>
  <testcase name="testAddLifeForm" classname="environment.TestEnvironment" time="0.001"/>
  <testcase name="testInitialization" classname="environment.TestEnvironment" time="0.003"/>
  <system-out><![CDATA[]]></system-out>
  <system-err><![CDATA[]]></system-err>
</testsuite>
