<?xml version="1.0" encoding="UTF-8"?>
<testsuite name="lifeform.TestLifeForm" tests="2" skipped="0" failures="0" errors="0" timestamp="2024-09-23T18:27:00" hostname="LDonovan" time="0.002">
  <properties/>
  <testcase name="testTakeHit" classname="lifeform.TestLifeForm" time="0.001"/>
  <testcase name="testInitialization" classname="lifeform.TestLifeForm" time="0.001"/>
  <system-out><![CDATA[]]></system-out>
  <system-err><![CDATA[]]></system-err>
</testsuite>
