<?xml version="1.0" encoding="UTF-8"?>
<testsuite name="lifeform.TestHuman" tests="1" skipped="0" failures="0" errors="0" timestamp="2024-09-22T16:54:30" hostname="DESKTOP-RSEC365" time="0.001">
  <properties/>
  <testcase name="testInitialization" classname="lifeform.TestHuman" time="0.001"/>
  <system-out><![CDATA[]]></system-out>
  <system-err><![CDATA[]]></system-err>
</testsuite>
