<?xml version="1.0" encoding="UTF-8"?>
<testsuite name="lifeform.TestLifeForm" tests="2" skipped="0" failures="0" errors="0" timestamp="2024-09-24T00:30:14" hostname="DESKTOP-RSEC365" time="0.001">
  <properties/>
  <testcase name="testTakeHit" classname="lifeform.TestLifeForm" time="0.001"/>
  <testcase name="testInitialization" classname="lifeform.TestLifeForm" time="0.0"/>
  <system-out><![CDATA[]]></system-out>
  <system-err><![CDATA[]]></system-err>
</testsuite>
