<?xml version="1.0" encoding="UTF-8"?>
<testsuite name="environment.TestCell" tests="3" skipped="0" failures="0" errors="0" timestamp="2024-09-18T03:40:17" hostname="DESKTOP-RSEC365" time="0.006">
  <properties/>
  <testcase name="testRemoveLifeForm" classname="environment.TestCell" time="0.004"/>
  <testcase name="testAddLifeForm" classname="environment.TestCell" time="0.0"/>
  <testcase name="testInitialization" classname="environment.TestCell" time="0.001"/>
  <system-out><![CDATA[]]></system-out>
  <system-err><![CDATA[]]></system-err>
</testsuite>
