<?xml version="1.0" encoding="UTF-8"?>
<testsuite name="lifeform.TestLifeForm" tests="3" skipped="0" failures="0" errors="0" timestamp="2024-10-02T00:18:26" hostname="DESKTOP-RSEC365" time="0.001">
  <properties/>
  <testcase name="testTakeHit" classname="lifeform.TestLifeForm" time="0.0"/>
  <testcase name="testInitialization" classname="lifeform.TestLifeForm" time="0.0"/>
  <testcase name="testAttack" classname="lifeform.TestLifeForm" time="0.001"/>
  <system-out><![CDATA[]]></system-out>
  <system-err><![CDATA[]]></system-err>
</testsuite>
