<?xml version="1.0" encoding="UTF-8"?>
<testsuite name="environment.TestEnvironment" tests="4" skipped="0" failures="0" errors="0" timestamp="2024-09-22T00:56:13" hostname="DESKTOP-RSEC365" time="0.008">
  <properties/>
  <testcase name="testRemoveLifeForm" classname="environment.TestEnvironment" time="0.007"/>
  <testcase name="testAddLifeForm" classname="environment.TestEnvironment" time="0.0"/>
  <testcase name="testAddBorderCases" classname="environment.TestEnvironment" time="0.001"/>
  <testcase name="testInitialization" classname="environment.TestEnvironment" time="0.0"/>
  <system-out><![CDATA[]]></system-out>
  <system-err><![CDATA[]]></system-err>
</testsuite>
