<?xml version="1.0" encoding="UTF-8"?>
<testsuite name="environment.TestCell" tests="3" skipped="0" failures="0" errors="0" timestamp="2024-09-13T02:34:06" hostname="sloop" time="0.003">
  <properties/>
  <testcase name="testRemoveLifeForm" classname="environment.TestCell" time="0.002"/>
  <testcase name="testAddLifeForm" classname="environment.TestCell" time="0.0"/>
  <testcase name="testInitialization" classname="environment.TestCell" time="0.0"/>
  <system-out><![CDATA[]]></system-out>
  <system-err><![CDATA[]]></system-err>
</testsuite>
