<?xml version="1.0" encoding="UTF-8"?>
<testsuite name="environment.TestCell" tests="2" skipped="0" failures="0" errors="0" timestamp="2024-09-11T00:43:25" hostname="DESKTOP-RSEC365" time="0.007">
  <properties/>
  <testcase name="testAddLifeForm" classname="environment.TestCell" time="0.006"/>
  <testcase name="testInitialization" classname="environment.TestCell" time="0.001"/>
  <system-out><![CDATA[]]></system-out>
  <system-err><![CDATA[]]></system-err>
</testsuite>
