<?xml version="1.0" encoding="UTF-8"?>
<testsuite name="environment.TestCell" tests="2" skipped="0" failures="0" errors="0" timestamp="2024-09-11T01:18:20" hostname="DESKTOP-RSEC365" time="0.004">
  <properties/>
  <testcase name="testAddLifeForm" classname="environment.TestCell" time="0.004"/>
  <testcase name="testInitialization" classname="environment.TestCell" time="0.0"/>
  <system-out><![CDATA[]]></system-out>
  <system-err><![CDATA[]]></system-err>
</testsuite>
